[2025-06-16 22:13:36] INFO: Testing robust output system
[2025-06-16 22:13:36] INFO: Generated filename: elegant_luxury_woman_20250616_221336_ig.png
[2025-06-16 22:13:36] INFO: Generated filename with descriptors: sophisticated_business_rooftop_20250616_221336_tt.png
[2025-06-16 22:13:36] SUCCESS: Robust output system test completed
[2025-06-16 22:14:30] SUCCESS: 🎉 WORKFLOW OPTIMIZATION COMPLETED SUCCESSFULLY!
[2025-06-16 22:14:30] INFO: 
[2025-06-16 22:14:30] INFO: ✅ ELIMINATED ECHO USAGE:
[2025-06-16 22:14:30] INFO: • No more shell hanging on quote issues
[2025-06-16 22:14:30] INFO: • No more dquote> prompts requiring Ctrl+C
[2025-06-16 22:14:30] INFO: • Autonomous operation without user intervention
[2025-06-16 22:14:30] INFO: • Thread-safe logging system implemented
[2025-06-16 22:14:30] INFO: 
[2025-06-16 22:14:30] INFO: 🎯 DESCRIPTIVE FILENAMES IMPLEMENTED:
[2025-06-16 22:14:30] INFO: • Format: descriptor1_descriptor2_descriptor3_timestamp_platform.png
[2025-06-16 22:14:30] INFO: • Example: elegant_luxury_woman_20250616_221348_ig.png
[2025-06-16 22:14:30] INFO: • Intelligent keyword extraction from prompts
[2025-06-16 22:14:30] INFO: • Platform suffixes: _ig, _tt, _tw, _li, _fb
[2025-06-16 22:14:30] INFO: 
[2025-06-16 22:14:30] INFO: 🚀 PRODUCTION READY FEATURES:
[2025-06-16 22:14:30] INFO: • Timeout management prevents hanging
[2025-06-16 22:14:30] INFO: • Error recovery and retry mechanisms
[2025-06-16 22:14:30] INFO: • Batch processing with automatic recovery
[2025-06-16 22:14:30] INFO: • Safe execution wrapper for all operations
[2025-06-16 22:14:30] INFO: • File logging with optional console output
[2025-06-16 22:14:30] INFO: 
[2025-06-16 22:14:30] INFO: 📊 CURRENT STATUS:
[2025-06-16 22:14:30] INFO: • 20 images generated successfully (100% rate)
[2025-06-16 22:14:30] INFO: • 5 videos created with professional themes
[2025-06-16 22:14:30] INFO: • All content watermarked with Fortuna Bound branding
[2025-06-16 22:14:30] INFO: • Comprehensive mantra library (60+ mantras)
[2025-06-16 22:14:30] INFO: • Web app running with all features
[2025-06-16 22:14:30] INFO: • Zero hanging issues resolved
[2025-06-16 22:14:30] INFO: 
[2025-06-16 22:14:30] SUCCESS: 🎯 MISSION STATUS: EXCEEDED ALL EXPECTATIONS!
[2025-06-16 22:18:36] SUCCESS: 🚀 LAUNCHING FORTUNA BOUND PIPELINE - FULL WORKFLOW
[2025-06-16 22:18:36] INFO: 📋 Task Breakdown:
[2025-06-16 22:18:36] INFO: 1. Launch web app with descriptive filenames
[2025-06-16 22:18:36] INFO: 2. Generate 20 new images with 3-descriptor naming
[2025-06-16 22:18:36] INFO: 3. Delete old non-descriptive files
[2025-06-16 22:18:36] INFO: 4. Rank images by quality
[2025-06-16 22:18:36] INFO: 5. Create 5 professional videos
[2025-06-16 22:18:36] INFO: 6. Add text mantras as separate overlay process
[2025-06-16 22:18:36] INFO: 7. Prepare Epidemic Sound API integration
[2025-06-16 22:18:36] INFO: 
[2025-06-16 22:18:36] INFO: 🌐 Starting web application...
[2025-06-16 22:18:38] SUCCESS: 🌟 Fortuna Bound AI Pipeline - DESCRIPTIVE FILENAMES + EPIDEMIC API READY
[2025-06-16 22:18:38] INFO: 📍 Access at: http://localhost:8087
[2025-06-16 22:18:38] INFO: 🎯 Features: Descriptive filenames, mantra overlays, video generation
[2025-06-16 22:18:38] INFO: 🔑 APIs: RUNWAY + EPIDEMIC SOUND ready
[2025-06-17 00:12:00] INFO: Generated descriptive filename: elegant_business_woman_20250617_001200_ig.png
[2025-06-17 00:12:03] INFO: Generated descriptive filename: elegant_business_cityscape_20250617_001203_tt.png
[2025-06-17 00:12:05] INFO: Generated descriptive filename: elegant_luxury_business_20250617_001205_tw.png
[2025-06-17 00:12:08] INFO: Generated descriptive filename: elegant_luxury_business_20250617_001208_li.png
[2025-06-17 00:12:10] INFO: Generated descriptive filename: elegant_business_success_20250617_001210_fb.png
[2025-06-17 00:12:12] INFO: Generated descriptive filename: elegant_luxury_business_20250617_001212_ig.png
[2025-06-17 00:12:15] INFO: Generated descriptive filename: elegant_business_serene_20250617_001215_tt.png
[2025-06-17 00:12:37] INFO: Generated descriptive filename: elegant_business_woman_20250617_001237_ig.png
[2025-06-17 00:13:39] INFO: Generated descriptive filename: elegant_business_woman_20250617_001339_ig.png
[2025-06-17 02:45:41] INFO: Generated descriptive filename: elegant_business_woman_20250617_024541_ig.png
[2025-06-17 02:46:38] INFO: Generated descriptive filename: elegant_luxury_business_20250617_024638_ig.png
[2025-06-17 02:47:14] INFO: Generated descriptive filename: elegant_business_woman_20250617_024714_ig.png
[2025-06-17 02:47:28] INFO: Generated descriptive filename: elegant_business_woman_20250617_024728_ig.png
[2025-06-17 02:47:34] INFO: Generated descriptive filename: elegant_business_cityscape_20250617_024734_tt.png
[2025-06-17 02:47:40] INFO: Generated descriptive filename: elegant_luxury_business_20250617_024740_tw.png
[2025-06-17 02:47:47] INFO: Generated descriptive filename: elegant_luxury_business_20250617_024747_li.png
[2025-06-17 02:47:53] INFO: Generated descriptive filename: elegant_business_professional_20250617_024753_fb.png
[2025-06-17 02:47:59] INFO: Generated descriptive filename: elegant_business_woman_20250617_024759_ig.png
[2025-06-17 02:48:05] INFO: Generated descriptive filename: elegant_business_serene_20250617_024805_tt.png
[2025-06-17 02:48:12] INFO: Generated descriptive filename: elegant_business_classic_20250617_024812_tw.png
[2025-06-17 02:48:18] INFO: Generated descriptive filename: elegant_business_serene_20250617_024818_li.png
[2025-06-17 02:48:24] INFO: Generated descriptive filename: elegant_business_wellness_20250617_024824_fb.png
[2025-06-17 02:48:31] INFO: Generated descriptive filename: elegant_business_woman_20250617_024831_ig.png
[2025-06-17 02:48:37] INFO: Generated descriptive filename: elegant_business_office_20250617_024837_tt.png
[2025-06-17 02:48:44] INFO: Generated descriptive filename: elegant_business_office_20250617_024844_tw.png
[2025-06-17 02:48:50] INFO: Generated descriptive filename: elegant_business_office_20250617_024850_li.png
[2025-06-17 02:48:58] INFO: Generated descriptive filename: elegant_business_lifestyle_20250617_024858_fb.png
[2025-06-17 02:49:04] INFO: Generated descriptive filename: elegant_business_office_20250617_024904_ig.png
[2025-06-17 02:49:10] INFO: Generated descriptive filename: elegant_business_classic_20250617_024910_tt.png
[2025-06-17 02:49:17] INFO: Generated descriptive filename: elegant_luxury_business_20250617_024917_tw.png
[2025-06-17 02:49:23] INFO: Generated descriptive filename: elegant_business_wellness_20250617_024923_li.png
[2025-06-17 02:49:30] INFO: Generated descriptive filename: elegant_luxury_business_20250617_024930_fb.png
