[Fri Jun 13 06:23:47 PDT 2025] Starting daily palette rotation...
Starting A/B palette selection...

=== A/B PALETTE SELECTION SUMMARY ===

Palette A (Palette A):
  Total colors: 2
  Total frequency: 3
  Colors:
    1. #97c8ee (RGB: [151, 200, 238]) - Frequency: 2
    2. #7fb9e4 (RGB: [127, 185, 228]) - Frequency: 1

Palette B (Palette B):
  Total colors: 5
  Total frequency: 6
  Colors:
    1. #b8b7a8 (RGB: [184, 183, 168]) - Frequency: 2
    2. #b4b3a8 (RGB: [180, 179, 168]) - Frequency: 1
    3. #c7c6bf (RGB: [199, 198, 191]) - Frequency: 1
    4. #aaaaa6 (RGB: [170, 170, 166]) - Frequency: 1
    5. #b4b2a7 (RGB: [180, 178, 167]) - Frequency: 1

HSL distance between palette bases: 162.34
Backed up palette_A.json to palette_A_20250613_062347.json
Backed up palette_B.json to palette_B_20250613_062347.json
Saved palette_A.json with 2 colors (total frequency: 3)
Saved palette_B.json with 5 colors (total frequency: 6)

A/B palette selection completed successfully!
[Fri Jun 13 06:23:47 PDT 2025] Palette rotation completed successfully
[Fri Jun 13 06:23:48 PDT 2025] Daily palette rotation script completed
