Saved maldives_vintage_1_A_ig.png
Successfully generated and watermarked: Adding text watermark for instagram...
Watermarked image saved to: maldives_vintage_1_A_ig_watermarked.png
Saved maldives_vintage_1_A_tt.png
Successfully generated and watermarked: Adding text watermark for tiktok...
Watermarked image saved to: maldives_vintage_1_A_tt_watermarked.png
Saved maldives_vintage_1_A_tw.png
Successfully generated and watermarked: Adding text watermark for twitter...
Watermarked image saved to: maldives_vintage_1_A_tw_watermarked.png
Saved maldives_vintage_1_B_ig.png
Successfully generated and watermarked: Adding text watermark for instagram...
Watermarked image saved to: maldives_vintage_1_B_ig_watermarked.png
Saved maldives_vintage_1_B_tt.png
Successfully generated and watermarked: Adding text watermark for tiktok...
Watermarked image saved to: maldives_vintage_1_B_tt_watermarked.png
Saved maldives_vintage_1_B_tw.png
Successfully generated and watermarked: Adding text watermark for twitter...
Watermarked image saved to: maldives_vintage_1_B_tw_watermarked.png
Saved maldives_silk_2_A_ig.png
Successfully generated and watermarked: Adding text watermark for instagram...
Watermarked image saved to: maldives_silk_2_A_ig_watermarked.png
Saved maldives_silk_2_A_tt.png
Successfully generated and watermarked: Adding text watermark for tiktok...
Watermarked image saved to: maldives_silk_2_A_tt_watermarked.png
Saved maldives_silk_2_A_tw.png
Successfully generated and watermarked: Adding text watermark for twitter...
Watermarked image saved to: maldives_silk_2_A_tw_watermarked.png
Saved maldives_silk_2_B_ig.png
Successfully generated and watermarked: Adding text watermark for instagram...
Watermarked image saved to: maldives_silk_2_B_ig_watermarked.png
Saved maldives_silk_2_B_tt.png
Successfully generated and watermarked: Adding text watermark for tiktok...
Watermarked image saved to: maldives_silk_2_B_tt_watermarked.png
Saved maldives_silk_2_B_tw.png
Successfully generated and watermarked: Adding text watermark for twitter...
Watermarked image saved to: maldives_silk_2_B_tw_watermarked.png
Saved maldives_platinum_3_A_ig.png
Successfully generated and watermarked: Adding text watermark for instagram...
Watermarked image saved to: maldives_platinum_3_A_ig_watermarked.png
Saved maldives_platinum_3_A_tt.png
Successfully generated and watermarked: Adding text watermark for tiktok...
Watermarked image saved to: maldives_platinum_3_A_tt_watermarked.png
Saved maldives_platinum_3_A_tw.png
Successfully generated and watermarked: Adding text watermark for twitter...
Watermarked image saved to: maldives_platinum_3_A_tw_watermarked.png
Saved maldives_platinum_3_B_ig.png
Successfully generated and watermarked: Adding text watermark for instagram...
Watermarked image saved to: maldives_platinum_3_B_ig_watermarked.png
Saved maldives_platinum_3_B_tt.png
Successfully generated and watermarked: Adding text watermark for tiktok...
Watermarked image saved to: maldives_platinum_3_B_tt_watermarked.png
Saved maldives_platinum_3_B_tw.png
Successfully generated and watermarked: Adding text watermark for twitter...
Watermarked image saved to: maldives_platinum_3_B_tw_watermarked.png
Saved maldives_gold_4_A_ig.png
Successfully generated and watermarked: Adding text watermark for instagram...
Watermarked image saved to: maldives_gold_4_A_ig_watermarked.png
Saved maldives_gold_4_A_tt.png
Successfully generated and watermarked: Adding text watermark for tiktok...
Watermarked image saved to: maldives_gold_4_A_tt_watermarked.png
Saved maldives_gold_4_A_tw.png
Successfully generated and watermarked: Adding text watermark for twitter...
Watermarked image saved to: maldives_gold_4_A_tw_watermarked.png
Saved maldives_gold_4_B_ig.png
Successfully generated and watermarked: Adding text watermark for instagram...
Watermarked image saved to: maldives_gold_4_B_ig_watermarked.png
Saved maldives_gold_4_B_tt.png
Successfully generated and watermarked: Adding text watermark for tiktok...
Watermarked image saved to: maldives_gold_4_B_tt_watermarked.png
Saved maldives_gold_4_B_tw.png
Successfully generated and watermarked: Adding text watermark for twitter...
Watermarked image saved to: maldives_gold_4_B_tw_watermarked.png
Saved maldives_black_5_A_ig.png
Successfully generated and watermarked: Adding text watermark for instagram...
Watermarked image saved to: maldives_black_5_A_ig_watermarked.png
Saved maldives_black_5_A_tt.png
Successfully generated and watermarked: Adding text watermark for tiktok...
Watermarked image saved to: maldives_black_5_A_tt_watermarked.png
Saved maldives_black_5_A_tw.png
Successfully generated and watermarked: Adding text watermark for twitter...
Watermarked image saved to: maldives_black_5_A_tw_watermarked.png
Saved maldives_black_5_B_ig.png
Successfully generated and watermarked: Adding text watermark for instagram...
Watermarked image saved to: maldives_black_5_B_ig_watermarked.png
Saved maldives_black_5_B_tt.png
Successfully generated and watermarked: Adding text watermark for tiktok...
Watermarked image saved to: maldives_black_5_B_tt_watermarked.png
Saved maldives_black_5_B_tw.png
Successfully generated and watermarked: Adding text watermark for twitter...
Watermarked image saved to: maldives_black_5_B_tw_watermarked.png
Saved maldives_handcrafted_6_A_ig.png
Successfully generated and watermarked: Adding text watermark for instagram...
Watermarked image saved to: maldives_handcrafted_6_A_ig_watermarked.png
Saved maldives_handcrafted_6_A_tt.png
Successfully generated and watermarked: Adding text watermark for tiktok...
Watermarked image saved to: maldives_handcrafted_6_A_tt_watermarked.png
Saved maldives_handcrafted_6_A_tw.png
Successfully generated and watermarked: Adding text watermark for twitter...
Watermarked image saved to: maldives_handcrafted_6_A_tw_watermarked.png
Saved maldives_handcrafted_6_B_ig.png
Successfully generated and watermarked: Adding text watermark for instagram...
Watermarked image saved to: maldives_handcrafted_6_B_ig_watermarked.png
Saved maldives_handcrafted_6_B_tt.png
Successfully generated and watermarked: Adding text watermark for tiktok...
Watermarked image saved to: maldives_handcrafted_6_B_tt_watermarked.png
Saved maldives_handcrafted_6_B_tw.png
Successfully generated and watermarked: Adding text watermark for twitter...
Watermarked image saved to: maldives_handcrafted_6_B_tw_watermarked.png
Saved maldives_limited-edition_7_A_ig.png
Successfully generated and watermarked: Adding text watermark for instagram...
Watermarked image saved to: maldives_limited-edition_7_A_ig_watermarked.png
Saved maldives_limited-edition_7_A_tt.png
Successfully generated and watermarked: Adding text watermark for tiktok...
Watermarked image saved to: maldives_limited-edition_7_A_tt_watermarked.png
Saved maldives_limited-edition_7_A_tw.png
Successfully generated and watermarked: Adding text watermark for twitter...
Watermarked image saved to: maldives_limited-edition_7_A_tw_watermarked.png
Saved maldives_limited-edition_7_B_ig.png
Successfully generated and watermarked: Adding text watermark for instagram...
Watermarked image saved to: maldives_limited-edition_7_B_ig_watermarked.png
Saved maldives_limited-edition_7_B_tt.png
Successfully generated and watermarked: Adding text watermark for tiktok...
Watermarked image saved to: maldives_limited-edition_7_B_tt_watermarked.png
Saved maldives_limited-edition_7_B_tw.png
Successfully generated and watermarked: Adding text watermark for twitter...
Watermarked image saved to: maldives_limited-edition_7_B_tw_watermarked.png
Saved maldives_crystal_8_A_ig.png
Successfully generated and watermarked: Adding text watermark for instagram...
Watermarked image saved to: maldives_crystal_8_A_ig_watermarked.png
Error generating image: Error generating image: NSFW content detected.
Failed to generate maldives_crystal_8_A_tt.png
Saved maldives_crystal_8_A_tw.png
Successfully generated and watermarked: Adding text watermark for twitter...
Watermarked image saved to: maldives_crystal_8_A_tw_watermarked.png
Error generating image: Error generating image: NSFW content detected.
Failed to generate maldives_crystal_8_B_ig.png
Saved maldives_crystal_8_B_tt.png
Successfully generated and watermarked: Adding text watermark for tiktok...
Watermarked image saved to: maldives_crystal_8_B_tt_watermarked.png
Error generating image: Error generating image: NSFW content detected.
Failed to generate maldives_crystal_8_B_tw.png
Saved maldives_rose-gold_9_A_ig.png
Successfully generated and watermarked: Adding text watermark for instagram...
Watermarked image saved to: maldives_rose-gold_9_A_ig_watermarked.png
Saved maldives_rose-gold_9_A_tt.png
Successfully generated and watermarked: Adding text watermark for tiktok...
Watermarked image saved to: maldives_rose-gold_9_A_tt_watermarked.png
Saved maldives_rose-gold_9_A_tw.png
Successfully generated and watermarked: Adding text watermark for twitter...
Watermarked image saved to: maldives_rose-gold_9_A_tw_watermarked.png
Saved maldives_rose-gold_9_B_ig.png
Successfully generated and watermarked: Adding text watermark for instagram...
Watermarked image saved to: maldives_rose-gold_9_B_ig_watermarked.png
Saved maldives_rose-gold_9_B_tt.png
Successfully generated and watermarked: Adding text watermark for tiktok...
Watermarked image saved to: maldives_rose-gold_9_B_tt_watermarked.png
Saved maldives_rose-gold_9_B_tw.png
Successfully generated and watermarked: Adding text watermark for twitter...
Watermarked image saved to: maldives_rose-gold_9_B_tw_watermarked.png
Saved maldives_electric_10_A_ig.png
Successfully generated and watermarked: Adding text watermark for instagram...
Watermarked image saved to: maldives_electric_10_A_ig_watermarked.png
Saved maldives_electric_10_A_tt.png
Successfully generated and watermarked: Adding text watermark for tiktok...
Watermarked image saved to: maldives_electric_10_A_tt_watermarked.png
Saved maldives_electric_10_A_tw.png
Successfully generated and watermarked: Adding text watermark for twitter...
Watermarked image saved to: maldives_electric_10_A_tw_watermarked.png
Saved maldives_electric_10_B_ig.png
Successfully generated and watermarked: Adding text watermark for instagram...
Watermarked image saved to: maldives_electric_10_B_ig_watermarked.png
Saved maldives_electric_10_B_tt.png
Successfully generated and watermarked: Adding text watermark for tiktok...
Watermarked image saved to: maldives_electric_10_B_tt_watermarked.png
Saved maldives_electric_10_B_tw.png
Successfully generated and watermarked: Adding text watermark for twitter...
Watermarked image saved to: maldives_electric_10_B_tw_watermarked.png
Saved london_vintage_11_A_ig.png
Successfully generated and watermarked: Adding text watermark for instagram...
Watermarked image saved to: london_vintage_11_A_ig_watermarked.png
Saved london_vintage_11_A_tt.png
Successfully generated and watermarked: Adding text watermark for tiktok...
Watermarked image saved to: london_vintage_11_A_tt_watermarked.png
Saved london_vintage_11_A_tw.png
Successfully generated and watermarked: Adding text watermark for twitter...
Watermarked image saved to: london_vintage_11_A_tw_watermarked.png
Saved london_vintage_11_B_ig.png
Successfully generated and watermarked: Adding text watermark for instagram...
Watermarked image saved to: london_vintage_11_B_ig_watermarked.png
Saved london_vintage_11_B_tt.png
Successfully generated and watermarked: Adding text watermark for tiktok...
Watermarked image saved to: london_vintage_11_B_tt_watermarked.png
Saved london_vintage_11_B_tw.png
Successfully generated and watermarked: Adding text watermark for twitter...
Watermarked image saved to: london_vintage_11_B_tw_watermarked.png
Saved london_silk_12_A_ig.png
Successfully generated and watermarked: Adding text watermark for instagram...
Watermarked image saved to: london_silk_12_A_ig_watermarked.png
Saved london_silk_12_A_tt.png
Successfully generated and watermarked: Adding text watermark for tiktok...
Watermarked image saved to: london_silk_12_A_tt_watermarked.png
Saved london_silk_12_A_tw.png
Successfully generated and watermarked: Adding text watermark for twitter...
Watermarked image saved to: london_silk_12_A_tw_watermarked.png
Saved london_silk_12_B_ig.png
Successfully generated and watermarked: Adding text watermark for instagram...
Watermarked image saved to: london_silk_12_B_ig_watermarked.png
Saved london_silk_12_B_tt.png
Successfully generated and watermarked: Adding text watermark for tiktok...
Watermarked image saved to: london_silk_12_B_tt_watermarked.png
Saved london_silk_12_B_tw.png
Successfully generated and watermarked: Adding text watermark for twitter...
Watermarked image saved to: london_silk_12_B_tw_watermarked.png
Saved london_platinum_13_A_ig.png
Successfully generated and watermarked: Adding text watermark for instagram...
Watermarked image saved to: london_platinum_13_A_ig_watermarked.png
Saved london_platinum_13_A_tt.png
Successfully generated and watermarked: Adding text watermark for tiktok...
Watermarked image saved to: london_platinum_13_A_tt_watermarked.png
Error generating image: Error generating image: NSFW content detected.
Failed to generate london_platinum_13_A_tw.png
Error generating image: Error generating image: NSFW content detected.
Failed to generate london_platinum_13_B_ig.png
Saved london_platinum_13_B_tt.png
Successfully generated and watermarked: Adding text watermark for tiktok...
Watermarked image saved to: london_platinum_13_B_tt_watermarked.png
Saved london_platinum_13_B_tw.png
Successfully generated and watermarked: Adding text watermark for twitter...
Watermarked image saved to: london_platinum_13_B_tw_watermarked.png
Saved london_gold_14_A_ig.png
Successfully generated and watermarked: Adding text watermark for instagram...
Watermarked image saved to: london_gold_14_A_ig_watermarked.png
Saved london_gold_14_A_tt.png
Successfully generated and watermarked: Adding text watermark for tiktok...
Watermarked image saved to: london_gold_14_A_tt_watermarked.png
Saved london_gold_14_A_tw.png
Successfully generated and watermarked: Adding text watermark for twitter...
Watermarked image saved to: london_gold_14_A_tw_watermarked.png
Saved london_gold_14_B_ig.png
Successfully generated and watermarked: Adding text watermark for instagram...
Watermarked image saved to: london_gold_14_B_ig_watermarked.png
Saved london_gold_14_B_tt.png
Successfully generated and watermarked: Adding text watermark for tiktok...
Watermarked image saved to: london_gold_14_B_tt_watermarked.png
Saved london_gold_14_B_tw.png
Successfully generated and watermarked: Adding text watermark for twitter...
Watermarked image saved to: london_gold_14_B_tw_watermarked.png
Saved london_black_15_A_ig.png
Successfully generated and watermarked: Adding text watermark for instagram...
Watermarked image saved to: london_black_15_A_ig_watermarked.png
Saved london_black_15_A_tt.png
Successfully generated and watermarked: Adding text watermark for tiktok...
Watermarked image saved to: london_black_15_A_tt_watermarked.png
Saved london_black_15_A_tw.png
Successfully generated and watermarked: Adding text watermark for twitter...
Watermarked image saved to: london_black_15_A_tw_watermarked.png
Saved london_black_15_B_ig.png
Successfully generated and watermarked: Adding text watermark for instagram...
Watermarked image saved to: london_black_15_B_ig_watermarked.png
Saved london_black_15_B_tt.png
Successfully generated and watermarked: Adding text watermark for tiktok...
Watermarked image saved to: london_black_15_B_tt_watermarked.png
Saved london_black_15_B_tw.png
Successfully generated and watermarked: Adding text watermark for twitter...
Watermarked image saved to: london_black_15_B_tw_watermarked.png
Saved london_handcrafted_16_A_ig.png
Successfully generated and watermarked: Adding text watermark for instagram...
Watermarked image saved to: london_handcrafted_16_A_ig_watermarked.png
Saved london_handcrafted_16_A_tt.png
Successfully generated and watermarked: Adding text watermark for tiktok...
Watermarked image saved to: london_handcrafted_16_A_tt_watermarked.png
Saved london_handcrafted_16_A_tw.png
Successfully generated and watermarked: Adding text watermark for twitter...
Watermarked image saved to: london_handcrafted_16_A_tw_watermarked.png
Saved london_handcrafted_16_B_ig.png
Successfully generated and watermarked: Adding text watermark for instagram...
Watermarked image saved to: london_handcrafted_16_B_ig_watermarked.png
Saved london_handcrafted_16_B_tt.png
Successfully generated and watermarked: Adding text watermark for tiktok...
Watermarked image saved to: london_handcrafted_16_B_tt_watermarked.png
Saved london_handcrafted_16_B_tw.png
Successfully generated and watermarked: Adding text watermark for twitter...
Watermarked image saved to: london_handcrafted_16_B_tw_watermarked.png
Saved london_limited-edition_17_A_ig.png
Successfully generated and watermarked: Adding text watermark for instagram...
Watermarked image saved to: london_limited-edition_17_A_ig_watermarked.png
Saved london_limited-edition_17_A_tt.png
Successfully generated and watermarked: Adding text watermark for tiktok...
Watermarked image saved to: london_limited-edition_17_A_tt_watermarked.png
Saved london_limited-edition_17_A_tw.png
Successfully generated and watermarked: Adding text watermark for twitter...
Watermarked image saved to: london_limited-edition_17_A_tw_watermarked.png
Saved london_limited-edition_17_B_ig.png
Successfully generated and watermarked: Adding text watermark for instagram...
Watermarked image saved to: london_limited-edition_17_B_ig_watermarked.png
Saved london_limited-edition_17_B_tt.png
Successfully generated and watermarked: Adding text watermark for tiktok...
Watermarked image saved to: london_limited-edition_17_B_tt_watermarked.png
Saved london_limited-edition_17_B_tw.png
Successfully generated and watermarked: Adding text watermark for twitter...
Watermarked image saved to: london_limited-edition_17_B_tw_watermarked.png
Error generating image: Error generating image: NSFW content detected.
Failed to generate london_crystal_18_A_ig.png
Error generating image: Error generating image: NSFW content detected.
Failed to generate london_crystal_18_A_tt.png
Error generating image: Error generating image: NSFW content detected.
Failed to generate london_crystal_18_A_tw.png
Error generating image: Error generating image: NSFW content detected.
Failed to generate london_crystal_18_B_ig.png
Error generating image: Error generating image: NSFW content detected.
Failed to generate london_crystal_18_B_tt.png
Error generating image: Error generating image: NSFW content detected.
Failed to generate london_crystal_18_B_tw.png
Saved london_rose-gold_19_A_ig.png
Successfully generated and watermarked: Adding text watermark for instagram...
Watermarked image saved to: london_rose-gold_19_A_ig_watermarked.png
Saved london_rose-gold_19_A_tt.png
Successfully generated and watermarked: Adding text watermark for tiktok...
Watermarked image saved to: london_rose-gold_19_A_tt_watermarked.png
Saved london_rose-gold_19_A_tw.png
Successfully generated and watermarked: Adding text watermark for twitter...
Watermarked image saved to: london_rose-gold_19_A_tw_watermarked.png
Saved london_rose-gold_19_B_ig.png
Successfully generated and watermarked: Adding text watermark for instagram...
Watermarked image saved to: london_rose-gold_19_B_ig_watermarked.png
Saved london_rose-gold_19_B_tt.png
Successfully generated and watermarked: Adding text watermark for tiktok...
Watermarked image saved to: london_rose-gold_19_B_tt_watermarked.png
Saved london_rose-gold_19_B_tw.png
Successfully generated and watermarked: Adding text watermark for twitter...
Watermarked image saved to: london_rose-gold_19_B_tw_watermarked.png
Saved london_electric_20_A_ig.png
Successfully generated and watermarked: Adding text watermark for instagram...
Watermarked image saved to: london_electric_20_A_ig_watermarked.png
Saved london_electric_20_A_tt.png
Successfully generated and watermarked: Adding text watermark for tiktok...
Watermarked image saved to: london_electric_20_A_tt_watermarked.png
Saved london_electric_20_A_tw.png
Successfully generated and watermarked: Adding text watermark for twitter...
Watermarked image saved to: london_electric_20_A_tw_watermarked.png
Traceback (most recent call last):
  File "/Users/jonathanmallinger/Dev/generate.py", line 12, in <module>
    import replicate
  File "/Users/jonathanmallinger/Dev/menv/lib/python3.13/site-packages/replicate/__init__.py", line 1, in <module>
    from replicate.client import Client
  File "/Users/jonathanmallinger/Dev/menv/lib/python3.13/site-packages/replicate/client.py", line 23, in <module>
    from replicate.account import Accounts
  File "/Users/jonathanmallinger/Dev/menv/lib/python3.13/site-packages/replicate/account.py", line 3, in <module>
    from replicate.resource import Namespace, Resource
  File "/Users/jonathanmallinger/Dev/menv/lib/python3.13/site-packages/replicate/resource.py", line 5, in <module>
    from pydantic import v1 as pydantic  # type: ignore
    ^^^^^^^^^^^^^^^^^^^^^^^^^^^^^^^^^^^
  File "/Users/jonathanmallinger/Dev/menv/lib/python3.13/site-packages/pydantic/v1/__init__.py", line 2, in <module>
    from pydantic.v1 import dataclasses
  File "/Users/jonathanmallinger/Dev/menv/lib/python3.13/site-packages/pydantic/v1/dataclasses.py", line 52, in <module>
    from pydantic.v1.error_wrappers import ValidationError
  File "/Users/jonathanmallinger/Dev/menv/lib/python3.13/site-packages/pydantic/v1/error_wrappers.py", line 4, in <module>
    from pydantic.v1.json import pydantic_encoder
  File "/Users/jonathanmallinger/Dev/menv/lib/python3.13/site-packages/pydantic/v1/json.py", line 10, in <module>
    from uuid import UUID
  File "<frozen importlib._bootstrap>", line 1360, in _find_and_load
  File "<frozen importlib._bootstrap>", line 1331, in _find_and_load_unlocked
  File "<frozen importlib._bootstrap>", line 935, in _load_unlocked
  File "<frozen importlib._bootstrap_external>", line 1022, in exec_module
  File "<frozen importlib._bootstrap_external>", line 1155, in get_code
  File "<frozen importlib._bootstrap_external>", line 784, in _compile_bytecode
KeyboardInterrupt
